<?xml version="1.0" encoding="UTF-8"?>
<testsuite name="com.example.testingweb.WebLayerTest" tests="1" skipped="0" failures="0" errors="0" timestamp="2023-05-20T05:46:10" hostname="DESKTOP-S4M7GFN" time="0.021">
  <properties/>
  <testcase name="shouldReturnDefaultMessage()" classname="com.example.testingweb.WebLayerTest" time="0.021"/>
  <system-out><![CDATA[2023-05-20 01:46:10.347  INFO 22972 --- [    Test worker] .b.t.a.w.s.WebMvcTestContextBootstrapper : Neither @ContextConfiguration nor @ContextHierarchy found for test class [com.example.testingweb.WebLayerTest], using SpringBootContextLoader
2023-05-20 01:46:10.348  INFO 22972 --- [    Test worker] o.s.t.c.support.AbstractContextLoader    : Could not detect default resource locations for test class [com.example.testingweb.WebLayerTest]: no resource found for suffixes {-context.xml, Context.groovy}.
2023-05-20 01:46:10.348  INFO 22972 --- [    Test worker] t.c.s.AnnotationConfigContextLoaderUtils : Could not detect default configuration classes for test class [com.example.testingweb.WebLayerTest]: WebLayerTest does not declare any static, non-private, non-final, nested classes annotated with @Configuration.
2023-05-20 01:46:10.352  INFO 22972 --- [    Test worker] .b.t.c.SpringBootTestContextBootstrapper : Found @SpringBootConfiguration com.example.testingweb.TestingWebApplication for test class com.example.testingweb.WebLayerTest
2023-05-20 01:46:10.353  INFO 22972 --- [    Test worker] .b.t.a.w.s.WebMvcTestContextBootstrapper : Loaded default TestExecutionListener class names from location [META-INF/spring.factories]: [org.springframework.boot.test.autoconfigure.restdocs.RestDocsTestExecutionListener, org.springframework.boot.test.autoconfigure.web.client.MockRestServiceServerResetTestExecutionListener, org.springframework.boot.test.autoconfigure.web.servlet.MockMvcPrintOnlyOnFailureTestExecutionListener, org.springframework.boot.test.autoconfigure.web.servlet.WebDriverTestExecutionListener, org.springframework.boot.test.autoconfigure.webservices.client.MockWebServiceServerTestExecutionListener, org.springframework.boot.test.mock.mockito.MockitoTestExecutionListener, org.springframework.boot.test.mock.mockito.ResetMocksTestExecutionListener, org.springframework.test.context.web.ServletTestExecutionListener, org.springframework.test.context.support.DirtiesContextBeforeModesTestExecutionListener, org.springframework.test.context.event.ApplicationEventsTestExecutionListener, org.springframework.test.context.support.DependencyInjectionTestExecutionListener, org.springframework.test.context.support.DirtiesContextTestExecutionListener, org.springframework.test.context.transaction.TransactionalTestExecutionListener, org.springframework.test.context.jdbc.SqlScriptsTestExecutionListener, org.springframework.test.context.event.EventPublishingTestExecutionListener]
2023-05-20 01:46:10.353  INFO 22972 --- [    Test worker] .b.t.a.w.s.WebMvcTestContextBootstrapper : Using TestExecutionListeners: [org.springframework.test.context.web.ServletTestExecutionListener@6fa1c19f, org.springframework.test.context.support.DirtiesContextBeforeModesTestExecutionListener@38c484ac, org.springframework.test.context.event.ApplicationEventsTestExecutionListener@6d4dedd1, org.springframework.boot.test.mock.mockito.MockitoTestExecutionListener@1206489d, org.springframework.boot.test.autoconfigure.SpringBootDependencyInjectionTestExecutionListener@734ace7b, org.springframework.test.context.support.DirtiesContextTestExecutionListener@6f37c55a, org.springframework.test.context.event.EventPublishingTestExecutionListener@6d169e08, org.springframework.boot.test.autoconfigure.restdocs.RestDocsTestExecutionListener@4df46197, org.springframework.boot.test.autoconfigure.web.client.MockRestServiceServerResetTestExecutionListener@68e84744, org.springframework.boot.test.autoconfigure.web.servlet.MockMvcPrintOnlyOnFailureTestExecutionListener@39a44216, org.springframework.boot.test.autoconfigure.web.servlet.WebDriverTestExecutionListener@601b7df4, org.springframework.boot.test.autoconfigure.webservices.client.MockWebServiceServerTestExecutionListener@e0d50b9, org.springframework.boot.test.mock.mockito.ResetMocksTestExecutionListener@24f5f45b]

  .   ____          _            __ _ _
 /\\ / ___'_ __ _ _(_)_ __  __ _ \ \ \ \
( ( )\___ | '_ | '_| | '_ \/ _` | \ \ \ \
 \\/  ___)| |_)| | | | | || (_| |  ) ) ) )
  '  |____| .__|_| |_|_| |_\__, | / / / /
 =========|_|==============|___/=/_/_/_/
 :: Spring Boot ::                (v2.6.3)

2023-05-20 01:46:10.367  INFO 22972 --- [    Test worker] com.example.testingweb.WebLayerTest      : Starting WebLayerTest using Java 15.0.2 on DESKTOP-S4M7GFN with PID 22972 (started by victor in C:\Users\victor\Desktop\workspace\DEVOPS\xxxx\microservicio-spring)
2023-05-20 01:46:10.367  INFO 22972 --- [    Test worker] com.example.testingweb.WebLayerTest      : No active profile set, falling back to default profiles: default
2023-05-20 01:46:10.537  INFO 22972 --- [    Test worker] o.s.b.t.m.w.SpringBootMockServletContext : Initializing Spring TestDispatcherServlet ''
2023-05-20 01:46:10.538  INFO 22972 --- [    Test worker] o.s.t.web.servlet.TestDispatcherServlet  : Initializing Servlet ''
2023-05-20 01:46:10.538  INFO 22972 --- [    Test worker] o.s.t.web.servlet.TestDispatcherServlet  : Completed initialization in 0 ms
2023-05-20 01:46:10.545  INFO 22972 --- [    Test worker] com.example.testingweb.WebLayerTest      : Started WebLayerTest in 0.189 seconds (JVM running for 2.861)

MockHttpServletRequest:
      HTTP Method = GET
      Request URI = /
       Parameters = {}
          Headers = []
             Body = null
    Session Attrs = {}

Handler:
             Type = com.example.testingweb.HomeController
           Method = com.example.testingweb.HomeController#greeting()

Async:
    Async started = false
     Async result = null

Resolved Exception:
             Type = null

ModelAndView:
        View name = null
             View = null
            Model = null

FlashMap:
       Attributes = null

MockHttpServletResponse:
           Status = 200
    Error message = null
          Headers = [Content-Type:"text/plain;charset=UTF-8", Content-Length:"12"]
     Content type = text/plain;charset=UTF-8
             Body = Hello, World
    Forwarded URL = null
   Redirected URL = null
          Cookies = []
]]></system-out>
  <system-err><![CDATA[]]></system-err>
</testsuite>
