<?xml version="1.0" encoding="UTF-8"?>
<testsuite name="com.example.testingweb.SmokeTest" tests="1" skipped="0" failures="0" errors="0" timestamp="2023-05-21T21:10:07" hostname="DESKTOP-S4M7GFN" time="0.002">
  <properties/>
  <testcase name="contextLoads()" classname="com.example.testingweb.SmokeTest" time="0.002"/>
  <system-out><![CDATA[2023-05-21 17:10:07.296  INFO 20024 --- [    Test worker] .b.t.c.SpringBootTestContextBootstrapper : Neither @ContextConfiguration nor @ContextHierarchy found for test class [com.example.testingweb.SmokeTest], using SpringBootContextLoader
2023-05-21 17:10:07.297  INFO 20024 --- [    Test worker] o.s.t.c.support.AbstractContextLoader    : Could not detect default resource locations for test class [com.example.testingweb.SmokeTest]: no resource found for suffixes {-context.xml, Context.groovy}.
2023-05-21 17:10:07.297  INFO 20024 --- [    Test worker] t.c.s.AnnotationConfigContextLoaderUtils : Could not detect default configuration classes for test class [com.example.testingweb.SmokeTest]: SmokeTest does not declare any static, non-private, non-final, nested classes annotated with @Configuration.
2023-05-21 17:10:07.298  INFO 20024 --- [    Test worker] .b.t.c.SpringBootTestContextBootstrapper : Found @SpringBootConfiguration com.example.testingweb.TestingWebApplication for test class com.example.testingweb.SmokeTest
2023-05-21 17:10:07.299  INFO 20024 --- [    Test worker] .b.t.c.SpringBootTestContextBootstrapper : Loaded default TestExecutionListener class names from location [META-INF/spring.factories]: [org.springframework.boot.test.autoconfigure.restdocs.RestDocsTestExecutionListener, org.springframework.boot.test.autoconfigure.web.client.MockRestServiceServerResetTestExecutionListener, org.springframework.boot.test.autoconfigure.web.servlet.MockMvcPrintOnlyOnFailureTestExecutionListener, org.springframework.boot.test.autoconfigure.web.servlet.WebDriverTestExecutionListener, org.springframework.boot.test.autoconfigure.webservices.client.MockWebServiceServerTestExecutionListener, org.springframework.boot.test.mock.mockito.MockitoTestExecutionListener, org.springframework.boot.test.mock.mockito.ResetMocksTestExecutionListener, org.springframework.test.context.web.ServletTestExecutionListener, org.springframework.test.context.support.DirtiesContextBeforeModesTestExecutionListener, org.springframework.test.context.event.ApplicationEventsTestExecutionListener, org.springframework.test.context.support.DependencyInjectionTestExecutionListener, org.springframework.test.context.support.DirtiesContextTestExecutionListener, org.springframework.test.context.transaction.TransactionalTestExecutionListener, org.springframework.test.context.jdbc.SqlScriptsTestExecutionListener, org.springframework.test.context.event.EventPublishingTestExecutionListener]
2023-05-21 17:10:07.300  INFO 20024 --- [    Test worker] .b.t.c.SpringBootTestContextBootstrapper : Using TestExecutionListeners: [org.springframework.test.context.web.ServletTestExecutionListener@764c8758, org.springframework.test.context.support.DirtiesContextBeforeModesTestExecutionListener@4e53cd87, org.springframework.test.context.event.ApplicationEventsTestExecutionListener@53e45c72, org.springframework.boot.test.mock.mockito.MockitoTestExecutionListener@7ea28b2c, org.springframework.boot.test.autoconfigure.SpringBootDependencyInjectionTestExecutionListener@6cc6b5e7, org.springframework.test.context.support.DirtiesContextTestExecutionListener@3c29720d, org.springframework.test.context.event.EventPublishingTestExecutionListener@4ddfae36, org.springframework.boot.test.autoconfigure.restdocs.RestDocsTestExecutionListener@274eb74a, org.springframework.boot.test.autoconfigure.web.client.MockRestServiceServerResetTestExecutionListener@7e7e57c9, org.springframework.boot.test.autoconfigure.web.servlet.MockMvcPrintOnlyOnFailureTestExecutionListener@930fb11, org.springframework.boot.test.autoconfigure.web.servlet.WebDriverTestExecutionListener@392e5a1f, org.springframework.boot.test.autoconfigure.webservices.client.MockWebServiceServerTestExecutionListener@6b884e97, org.springframework.boot.test.mock.mockito.ResetMocksTestExecutionListener@67c49c30]

  .   ____          _            __ _ _
 /\\ / ___'_ __ _ _(_)_ __  __ _ \ \ \ \
( ( )\___ | '_ | '_| | '_ \/ _` | \ \ \ \
 \\/  ___)| |_)| | | | | || (_| |  ) ) ) )
  '  |____| .__|_| |_|_| |_\__, | / / / /
 =========|_|==============|___/=/_/_/_/
 :: Spring Boot ::                (v2.6.3)

2023-05-21 17:10:07.318  INFO 20024 --- [    Test worker] com.example.testingweb.SmokeTest         : Starting SmokeTest using Java 15.0.2 on DESKTOP-S4M7GFN with PID 20024 (started by victor in C:\Users\victor\Desktop\workspace\DEVOPS\xxxx\microservicio-spring)
2023-05-21 17:10:07.318  INFO 20024 --- [    Test worker] com.example.testingweb.SmokeTest         : No active profile set, falling back to default profiles: default
2023-05-21 17:10:07.545  INFO 20024 --- [    Test worker] com.example.testingweb.SmokeTest         : Started SmokeTest in 0.242 seconds (JVM running for 2.406)
]]></system-out>
  <system-err><![CDATA[]]></system-err>
</testsuite>
